31:./src/graph/coverability.lua
3 3 3 0 3 0 3 18 12 12 18 18 36 18 0 72 108 153 99 129 54 0 24 0 207 0 90 0 3 0 3 
59:./src/graph/init.lua
6 6 6 0 6 6 0 6 36 36 36 72 36 36 72 6 0 6 168 168 168 6 0 6 21 21 21 6 0 6 24 24 24 24 213 189 543 354 708 354 354 354 354 0 708 2891 708 165 165 0 708 4097 708 189 0 24 6 0 6 
17:./src/graph/reachability.lua
3 0 3 0 3 18 12 12 18 18 36 18 300 0 3 0 3 
95:./src/marking/init.lua
12 12 12 0 24 12 12 0 12 63 189 252 189 12 0 12 789 1578 5301 5301 5301 789 789 12 0 12 6856 6856 13712 13891 6856 7252 2770 7252 12 0 12 99 99 198 236 236 6 230 62 168 0 168 168 0 0 0 99 12 0 12 15 15 15 15 12 0 12 366 2955 2589 0 828 462 435 27 0 435 0 0 366 12 0 12 366 2955 2589 0 861 495 468 27 0 468 0 0 366 12 0 12 
93:./src/petrinet/init.lua
15 0 15 0 15 15 15 0 15 15 15 15 0 15 66 15 0 15 198 198 396 198 396 15 0 30 144 144 144 288 144 144 144 288 15 0 30 135 135 135 270 135 135 135 270 15 0 15 102 102 204 279 102 102 15 0 15 123 246 417 246 723 123 15 0 15 567 1134 3159 1134 7086 567 15 0 30 3516 7032 4395 7032 6825 3516 15 0 30 369 738 462 738 957 369 15 0 15 
33:./src/petrinet/page24.lua
3 0 0 3 12 9 9 9 9 9 0 12 9 9 18 9 9 9 18 18 9 9 9 18 18 9 9 9 9 18 0 3 3 
23:./src/petrinet/page47.lua
6 6 0 6 6 6 6 6 12 6 6 12 12 6 6 12 12 6 6 6 12 0 6 
20:./src/petrinet/page90.lua
3 3 0 3 3 3 6 3 3 3 6 6 3 3 6 6 3 6 0 3 
29:./src/petrinet/page92.lua
3 3 0 3 3 3 3 6 3 3 3 6 6 3 3 6 6 3 3 3 3 6 6 3 3 3 6 0 3 
10:./src/petrinet/page95.lua
3 3 0 3 6 3 3 6 0 3 
43:./src/petrinet/paper.lua
3 3 0 3 3 3 3 3 3 3 6 3 3 6 6 3 3 6 6 3 3 6 6 3 3 6 6 3 3 3 3 3 3 3 6 6 3 3 3 3 6 0 3 
104:./src/state/init.lua
9 9 9 0 9 9 0 9 45 90 45 45 45 45 45 9 0 9 369 369 369 369 6 0 363 852 363 819 726 363 363 363 726 9 0 9 561 561 3708 3147 6294 3900 3900 3900 3900 3801 3900 3147 3147 1203 0 0 561 9 0 0 26 26 0 0 0 9 0 0 6 0 6 0 0 6 6 6 0 0 6 6 9 0 9 3 9 0 9 3 9 0 9 3 3 6 53 53 15 15 0 0 3 3 9 15 9 9 0 9 
